\BOOKMARK [0][-]{chapter.1}{Introduction}{}% 1
\BOOKMARK [1][-]{section.1.1}{Abstract}{chapter.1}% 2
\BOOKMARK [1][-]{section.1.2}{Completion Status}{chapter.1}% 3
\BOOKMARK [0][-]{chapter.2}{Hardware}{}% 4
\BOOKMARK [1][-]{section.2.1}{List of Hardware Components}{chapter.2}% 5
\BOOKMARK [1][-]{section.2.2}{STM32 Micro-controller}{chapter.2}% 6
\BOOKMARK [1][-]{section.2.3}{Hardware Schematic}{chapter.2}% 7
\BOOKMARK [0][-]{chapter.3}{Software}{}% 8
\BOOKMARK [1][-]{section.3.1}{Installation of Softwares and Tools}{chapter.3}% 9
\BOOKMARK [2][-]{subsection.3.1.1}{Integrated Development Environment \(IDE\)}{section.3.1}% 10
\BOOKMARK [2][-]{subsection.3.1.2}{Debugging Tools}{section.3.1}% 11
\BOOKMARK [2][-]{subsection.3.1.3}{Flashing the Program}{section.3.1}% 12
\BOOKMARK [1][-]{section.3.2}{Programming the STM32 Micro-controller}{chapter.3}% 13
\BOOKMARK [0][-]{chapter.4}{Flight Controller Firmware}{}% 14
\BOOKMARK [1][-]{section.4.1}{Structural Overview}{chapter.4}% 15
\BOOKMARK [1][-]{section.4.2}{Board Specific Package \(BSP\)}{chapter.4}% 16
\BOOKMARK [1][-]{section.4.3}{Attitude and Heading Reference System}{chapter.4}% 17
\BOOKMARK [2][-]{subsection.4.3.1}{MPU9250 Accelerometer and Gyroscope}{section.4.3}% 18
\BOOKMARK [2][-]{subsection.4.3.2}{AK8963 Magnetometer}{section.4.3}% 19
\BOOKMARK [2][-]{subsection.4.3.3}{Sensor Fusion using Madgwick's AHRS Filter}{section.4.3}% 20
\BOOKMARK [1][-]{section.4.4}{Altitude Measurement}{chapter.4}% 21
\BOOKMARK [2][-]{subsection.4.4.1}{MS5611 Barometer}{section.4.4}% 22
\BOOKMARK [1][-]{section.4.5}{Communication and Telemetry}{chapter.4}% 23
\BOOKMARK [2][-]{subsection.4.5.1}{MultiWii Serial Protocol}{section.4.5}% 24
\BOOKMARK [1][-]{section.4.6}{Control Algorithm}{chapter.4}% 25
\BOOKMARK [1][-]{section.4.7}{Motor Operation}{chapter.4}% 26
\BOOKMARK [1][-]{section.4.8}{Wireless Joystick Controller}{chapter.4}% 27
\BOOKMARK [0][-]{chapter.5}{Usage and Demonstration}{}% 28
\BOOKMARK [1][-]{section.5.1}{Firmware Usage}{chapter.5}% 29
\BOOKMARK [1][-]{section.5.2}{Wireless Joystick Controller}{chapter.5}% 30
\BOOKMARK [1][-]{section.5.3}{Results and Demonstration}{chapter.5}% 31
\BOOKMARK [0][-]{chapter.6}{Future Work}{}% 32
\BOOKMARK [0][-]{chapter.7}{Bug Report and Challenges}{}% 33
\BOOKMARK [0][-]{chapter*.3}{References}{}% 34
\BOOKMARK [0][-]{chapter*.4}{Appendix A: Circular Buffer}{}% 35
